<?xml version="1.0" encoding="UTF-8"?>
<!-- Generated by org.testng.reporters.JUnitReportReporter -->
<testsuite hostname="DESKTOP-3Q225KI" failures="0" tests="1" name="mpack.abhibusbooking" time="31.384" errors="0" timestamp="2022-10-10T16:32:19 IST" skipped="0">
  <testcase classname="mpack.abhibusbooking" name="abhibusbooking" time="31.384"/>
  <system-out/>
</testsuite> <!-- mpack.abhibusbooking -->
