<?xml version="1.0" encoding="UTF-8"?>
<!-- Generated by org.testng.reporters.JUnitReportReporter -->
<testsuite hostname="DESKTOP-3Q225KI" failures="0" tests="2" name="mpack.abhibusbooking" time="40.819" errors="0" timestamp="2022-10-11T17:35:00 IST" skipped="0">
  <testcase classname="mpack.abhibusbooking" name="abhibusbooking" time="32.844"/>
  <system-out/>
  <testcase classname="mpack.abhibusbooking" name="login" time="7.975"/>
  <system-out/>
</testsuite> <!-- mpack.abhibusbooking -->
